<?xml version="1.0" encoding="UTF-8"?>
<testsuite name="runner.CucumberTestRunner" tests="0" skipped="0" failures="0" errors="0" timestamp="1970-01-01T00:00:00" hostname="WBA0443" time="0.0">
  <properties/>
  <system-out><![CDATA[
?[31mFailed scenarios:?[0m
?[31mcadastro.feature:5 ?[0m# Cenário: Preenche formulário com sucesso

1 Scenarios (?[31m1 failed?[0m)
4 Steps (?[31m1 failed?[0m, ?[32m3 passed?[0m)
0m7,390s

org.junit.ComparisonFailure: expected:<Aladi[7]n> but was:<Aladi[]n>
	at org.junit.Assert.assertEquals(Assert.java:115)
	at org.junit.Assert.assertEquals(Assert.java:144)
	at stepDefinition.CadastroSteps.devo_ver_os_dados_enviados(CadastroSteps.java:30)
	at ?.Então devo ver os dados enviados(cadastro.feature:9)

]]></system-out>
  <system-err><![CDATA[nov 16, 2019 10:08:58 AM io.appium.java_client.remote.AppiumCommandExecutor$1 lambda$0
INFORMAÇÕES: Detected dialect: W3C
[Test worker] ERROR io.qameta.allure.AllureLifecycle - Could not add attachment: no test is running
]]></system-err>
</testsuite>
